<?xml version="1.0" encoding="UTF-8"?>
<testsuites name="jest tests" tests="2" failures="0" errors="0" time="0.274">
  <testsuite name="Todo App Basic Tests" errors="0" failures="0" skipped="0" timestamp="2026-05-10T11:14:33" time="0.197" tests="2">
    <testcase classname="Todo App Basic Tests should pass a simple sanity check" name="Todo App Basic Tests should pass a simple sanity check" time="0.001">
    </testcase>
    <testcase classname="Todo App Basic Tests todo item should have a title" name="Todo App Basic Tests todo item should have a title" time="0">
    </testcase>
  </testsuite>
</testsuites>